<?xml version="1.0" encoding="UTF-8"?>
<!-- Generated by org.testng.reporters.JUnitXMLReporter -->
<testsuite ignored="0" hostname="DESKTOP-5MPUUTT" failures="0" tests="8" name="Default test" time="57.381" errors="0" timestamp="2023-10-16T16:27:35 SGT">
  <testcase classname="unitTestModule.UnitTest_LanguageToQualification" name="Add_Admin_Language" time="11.683"/>
  <testcase classname="unitTestModule.UnitTest_LanguageToQualification" name="verifyInput_Admin_Language" time="4.645"/>
  <testcase classname="unitTestModule.UnitTest_LanguageToQualification" name="updateAndVerify_Admin_Language" time="5.595"/>
  <testcase classname="unitTestModule.UnitTest_LanguageToQualification" name="verifyDelete_Admin_Language" time="4.324"/>
  <testcase classname="unitTestModule.UnitTest_LanguageToQualification" name="Add_Admin_Qualifications" time="3.361"/>
  <testcase classname="unitTestModule.UnitTest_LanguageToQualification" name="verifyInput_Admin_Qualifications" time="4.663"/>
  <testcase classname="unitTestModule.UnitTest_LanguageToQualification" name="updateAndVerify_Admin_Qualifications" time="9.324"/>
  <testcase classname="unitTestModule.UnitTest_LanguageToQualification" name="delete_Admin_Qualifications" time="4.268"/>
</testsuite> <!-- Default test -->
